<?xml version="1.0" encoding="UTF-8"?>
<testsuite xmlns:xsi="http://www.w3.org/2001/XMLSchema-instance" xsi:noNamespaceSchemaLocation="https://maven.apache.org/surefire/maven-surefire-plugin/xsd/surefire-test-report-3.0.xsd" version="3.0" name="com.oceanviewresort.dao.UserDAOTest" time="2.667" tests="5" errors="0" skipped="0" failures="0">
  <properties>
[...]
</properties>
  <testcase name="testRegisterUserGuest" classname="com.oceanviewresort.dao.UserDAOTest" time="2.564"/>
  <testcase name="testLoginUserGuest" classname="com.oceanviewresort.dao.UserDAOTest" time="0.022"/>
  <testcase name="testCountByRole" classname="com.oceanviewresort.dao.UserDAOTest" time="0.007"/>
  <testcase name="testDeleteUser" classname="com.oceanviewresort.dao.UserDAOTest" time="0.006"/>
  <testcase name="testUpdateUserAdmin" classname="com.oceanviewresort.dao.UserDAOTest" time="0.008"/>
</testsuite>